0 info it worked if it ends with ok
1 verbose cli [ '/usr/local/Cellar/node/5.3.0/bin/node',
1 verbose cli   '/usr/local/bin/npm',
1 verbose cli   'run',
1 verbose cli   'fserve' ]
2 info using npm@3.5.2
3 info using node@v5.3.0
4 verbose run-script [ 'prefserve', 'fserve', 'postfserve' ]
5 info lifecycle express-learning@1.0.0~prefserve: express-learning@1.0.0
6 silly lifecycle express-learning@1.0.0~prefserve: no script for prefserve, continuing
7 info lifecycle express-learning@1.0.0~fserve: express-learning@1.0.0
8 verbose lifecycle express-learning@1.0.0~fserve: unsafe-perm in lifecycle true
9 verbose lifecycle express-learning@1.0.0~fserve: PATH: /usr/local/lib/node_modules/npm/bin/node-gyp-bin:/FrontEnd/express-learning/node_modules/.bin:/Users/bhargavponnapalli/.rvm/gems/ruby-2.2.1/bin:/Users/bhargavponnapalli/.rvm/gems/ruby-2.2.1@global/bin:/Users/bhargavponnapalli/.rvm/rubies/ruby-2.2.1/bin:/usr/local/bin:/usr/bin:/bin:/usr/sbin:/sbin:/Users/bhargavponnapalli/.rvm/bin
10 verbose lifecycle express-learning@1.0.0~fserve: CWD: /FrontEnd/express-learning
11 silly lifecycle express-learning@1.0.0~fserve: Args: [ '-c', 'gulp frontend-watch' ]
12 silly lifecycle express-learning@1.0.0~fserve: Returned: code: 1  signal: null
13 info lifecycle express-learning@1.0.0~fserve: Failed to exec fserve script
14 verbose stack Error: express-learning@1.0.0 fserve: `gulp frontend-watch`
14 verbose stack Exit status 1
14 verbose stack     at EventEmitter.<anonymous> (/usr/local/lib/node_modules/npm/lib/utils/lifecycle.js:232:16)
14 verbose stack     at emitTwo (events.js:87:13)
14 verbose stack     at EventEmitter.emit (events.js:172:7)
14 verbose stack     at ChildProcess.<anonymous> (/usr/local/lib/node_modules/npm/lib/utils/spawn.js:24:14)
14 verbose stack     at emitTwo (events.js:87:13)
14 verbose stack     at ChildProcess.emit (events.js:172:7)
14 verbose stack     at maybeClose (internal/child_process.js:818:16)
14 verbose stack     at Process.ChildProcess._handle.onexit (internal/child_process.js:211:5)
15 verbose pkgid express-learning@1.0.0
16 verbose cwd /FrontEnd/express-learning
17 error Darwin 15.0.0
18 error argv "/usr/local/Cellar/node/5.3.0/bin/node" "/usr/local/bin/npm" "run" "fserve"
19 error node v5.3.0
20 error npm  v3.5.2
21 error code ELIFECYCLE
22 error express-learning@1.0.0 fserve: `gulp frontend-watch`
22 error Exit status 1
23 error Failed at the express-learning@1.0.0 fserve script 'gulp frontend-watch'.
23 error Make sure you have the latest version of node.js and npm installed.
23 error If you do, this is most likely a problem with the express-learning package,
23 error not with npm itself.
23 error Tell the author that this fails on your system:
23 error     gulp frontend-watch
23 error You can get information on how to open an issue for this project with:
23 error     npm bugs express-learning
23 error Or if that isn't available, you can get their info via:
23 error     npm owner ls express-learning
23 error There is likely additional logging output above.
24 verbose exit [ 1, true ]
